Base path: 'C:/Program Files/Unity/Hub/Editor/2022.3.3f1/Editor/Data', plugins path 'C:/Program Files/Unity/Hub/Editor/2022.3.3f1/Editor/Data/PlaybackEngines'
Cmd: initializeCompiler

Cmd: compileComputeKernel
  insize=2053 file=Assets/Scripts/ComputeShader.compute kernel=CSMain ppOnly=0 stripLineD=0 buildPlatform=19 km=<UNITY_VERSION=202233> pKW=UNITY_ENABLE_REFLECTION_BUFFERS UNITY_USE_DITHER_MASK_FOR_ALPHABLENDED_SHADOWS UNITY_PBS_USE_BRDF1 UNITY_SPECCUBE_BOX_PROJECTION UNITY_SPECCUBE_BLENDING UNITY_ENABLE_DETAIL_NORMALMAP SHADER_API_DESKTOP UNITY_LIGHT_PROBE_PROXY_VOLUME UNITY_LIGHTMAP_FULL_HDR uKW=SHADER_STAGE_COMPUTE platform=d3d11 flags=0 reqs=16385 forceDXC=0 forceFXC=0  error: 1 plat 4 at ComputeShader.compute(59): integer divides may be much slower, try using uints if possible.
  error: 1 plat 4 at ComputeShader.compute(60): integer modulus may be much slower, try using uints if possible.
  error: 1 plat 4 at ComputeShader.compute(64): integer divides may be much slower, try using uints if possible.
  error: 1 plat 4 at ComputeShader.compute(65): integer modulus may be much slower, try using uints if possible.
 ok=1 outsize=1296

Cmd: compileComputeKernel
  insize=2111 file=Assets/Scripts/ComputeShader.compute kernel=CSMain ppOnly=0 stripLineD=0 buildPlatform=19 km=<UNITY_VERSION=202233> pKW=UNITY_ENABLE_REFLECTION_BUFFERS UNITY_USE_DITHER_MASK_FOR_ALPHABLENDED_SHADOWS UNITY_PBS_USE_BRDF1 UNITY_SPECCUBE_BOX_PROJECTION UNITY_SPECCUBE_BLENDING UNITY_ENABLE_DETAIL_NORMALMAP SHADER_API_DESKTOP UNITY_LIGHT_PROBE_PROXY_VOLUME UNITY_LIGHTMAP_FULL_HDR uKW=SHADER_STAGE_COMPUTE platform=d3d11 flags=0 reqs=16385 forceDXC=0 forceFXC=0  error: 2 plat 4 at ComputeShader.compute(61): syntax error: unexpected token ';'
  error: 2 plat 4 at ComputeShader.compute(64): syntax error: unexpected token '{'
 ok=0 outsize=0

Cmd: compileComputeKernel
  insize=2108 file=Assets/Scripts/ComputeShader.compute kernel=CSMain ppOnly=0 stripLineD=0 buildPlatform=19 km=<UNITY_VERSION=202233> pKW=UNITY_ENABLE_REFLECTION_BUFFERS UNITY_USE_DITHER_MASK_FOR_ALPHABLENDED_SHADOWS UNITY_PBS_USE_BRDF1 UNITY_SPECCUBE_BOX_PROJECTION UNITY_SPECCUBE_BLENDING UNITY_ENABLE_DETAIL_NORMALMAP SHADER_API_DESKTOP UNITY_LIGHT_PROBE_PROXY_VOLUME UNITY_LIGHTMAP_FULL_HDR uKW=SHADER_STAGE_COMPUTE platform=d3d11 flags=0 reqs=16385 forceDXC=0 forceFXC=0  error: 1 plat 4 at ComputeShader.compute(59): integer divides may be much slower, try using uints if possible.
  error: 1 plat 4 at ComputeShader.compute(60): integer divides may be much slower, try using uints if possible.
  error: 1 plat 4 at ComputeShader.compute(65): integer divides may be much slower, try using uints if possible.
  error: 1 plat 4 at ComputeShader.compute(66): integer modulus may be much slower, try using uints if possible.
 ok=1 outsize=1280

Cmd: compileComputeKernel
  insize=2112 file=Assets/Scripts/ComputeShader.compute kernel=CSMain ppOnly=0 stripLineD=0 buildPlatform=19 km=<UNITY_VERSION=202233> pKW=UNITY_ENABLE_REFLECTION_BUFFERS UNITY_USE_DITHER_MASK_FOR_ALPHABLENDED_SHADOWS UNITY_PBS_USE_BRDF1 UNITY_SPECCUBE_BOX_PROJECTION UNITY_SPECCUBE_BLENDING UNITY_ENABLE_DETAIL_NORMALMAP SHADER_API_DESKTOP UNITY_LIGHT_PROBE_PROXY_VOLUME UNITY_LIGHTMAP_FULL_HDR uKW=SHADER_STAGE_COMPUTE platform=d3d11 flags=0 reqs=16385 forceDXC=0 forceFXC=0  error: 1 plat 4 at ComputeShader.compute(59): integer divides may be much slower, try using uints if possible.
  error: 1 plat 4 at ComputeShader.compute(60): integer divides may be much slower, try using uints if possible.
  error: 1 plat 4 at ComputeShader.compute(65): integer divides may be much slower, try using uints if possible.
  error: 1 plat 4 at ComputeShader.compute(66): integer modulus may be much slower, try using uints if possible.
 ok=1 outsize=1280

Cmd: compileComputeKernel
  insize=2111 file=Assets/Scripts/ComputeShader.compute kernel=CSMain ppOnly=0 stripLineD=0 buildPlatform=19 km=<UNITY_VERSION=202233> pKW=UNITY_ENABLE_REFLECTION_BUFFERS UNITY_USE_DITHER_MASK_FOR_ALPHABLENDED_SHADOWS UNITY_PBS_USE_BRDF1 UNITY_SPECCUBE_BOX_PROJECTION UNITY_SPECCUBE_BLENDING UNITY_ENABLE_DETAIL_NORMALMAP SHADER_API_DESKTOP UNITY_LIGHT_PROBE_PROXY_VOLUME UNITY_LIGHTMAP_FULL_HDR uKW=SHADER_STAGE_COMPUTE platform=d3d11 flags=0 reqs=16385 forceDXC=0 forceFXC=0  error: 1 plat 4 at ComputeShader.compute(59): integer divides may be much slower, try using uints if possible.
  error: 1 plat 4 at ComputeShader.compute(60): integer divides may be much slower, try using uints if possible.
  error: 1 plat 4 at ComputeShader.compute(65): integer divides may be much slower, try using uints if possible.
  error: 1 plat 4 at ComputeShader.compute(66): integer modulus may be much slower, try using uints if possible.
 ok=1 outsize=1280

Cmd: compileComputeKernel
  insize=2110 file=Assets/Scripts/ComputeShader.compute kernel=CSMain ppOnly=0 stripLineD=0 buildPlatform=19 km=<UNITY_VERSION=202233> pKW=UNITY_ENABLE_REFLECTION_BUFFERS UNITY_USE_DITHER_MASK_FOR_ALPHABLENDED_SHADOWS UNITY_PBS_USE_BRDF1 UNITY_SPECCUBE_BOX_PROJECTION UNITY_SPECCUBE_BLENDING UNITY_ENABLE_DETAIL_NORMALMAP SHADER_API_DESKTOP UNITY_LIGHT_PROBE_PROXY_VOLUME UNITY_LIGHTMAP_FULL_HDR uKW=SHADER_STAGE_COMPUTE platform=d3d11 flags=0 reqs=16385 forceDXC=0 forceFXC=0  error: 1 plat 4 at ComputeShader.compute(59): integer divides may be much slower, try using uints if possible.
  error: 1 plat 4 at ComputeShader.compute(60): integer divides may be much slower, try using uints if possible.
  error: 1 plat 4 at ComputeShader.compute(65): integer divides may be much slower, try using uints if possible.
  error: 1 plat 4 at ComputeShader.compute(66): integer modulus may be much slower, try using uints if possible.
 ok=1 outsize=1280

Cmd: compileComputeKernel
  insize=2130 file=Assets/Scripts/ComputeShader.compute kernel=CSMain ppOnly=0 stripLineD=0 buildPlatform=19 km=<UNITY_VERSION=202233> pKW=UNITY_ENABLE_REFLECTION_BUFFERS UNITY_USE_DITHER_MASK_FOR_ALPHABLENDED_SHADOWS UNITY_PBS_USE_BRDF1 UNITY_SPECCUBE_BOX_PROJECTION UNITY_SPECCUBE_BLENDING UNITY_ENABLE_DETAIL_NORMALMAP SHADER_API_DESKTOP UNITY_LIGHT_PROBE_PROXY_VOLUME UNITY_LIGHTMAP_FULL_HDR uKW=SHADER_STAGE_COMPUTE platform=d3d11 flags=0 reqs=16385 forceDXC=0 forceFXC=0  error: 2 plat 4 at ComputeShader.compute(61): syntax error: unexpected token '*'
 ok=0 outsize=0

Cmd: compileComputeKernel
  insize=2129 file=Assets/Scripts/ComputeShader.compute kernel=CSMain ppOnly=0 stripLineD=0 buildPlatform=19 km=<UNITY_VERSION=202233> pKW=UNITY_ENABLE_REFLECTION_BUFFERS UNITY_USE_DITHER_MASK_FOR_ALPHABLENDED_SHADOWS UNITY_PBS_USE_BRDF1 UNITY_SPECCUBE_BOX_PROJECTION UNITY_SPECCUBE_BLENDING UNITY_ENABLE_DETAIL_NORMALMAP SHADER_API_DESKTOP UNITY_LIGHT_PROBE_PROXY_VOLUME UNITY_LIGHTMAP_FULL_HDR uKW=SHADER_STAGE_COMPUTE platform=d3d11 flags=0 reqs=16385 forceDXC=0 forceFXC=0  error: 1 plat 4 at ComputeShader.compute(59): integer divides may be much slower, try using uints if possible.
  error: 1 plat 4 at ComputeShader.compute(60): integer divides may be much slower, try using uints if possible.
  error: 1 plat 4 at ComputeShader.compute(61): integer modulus may be much slower, try using uints if possible.
  error: 1 plat 4 at ComputeShader.compute(65): integer divides may be much slower, try using uints if possible.
  error: 1 plat 4 at ComputeShader.compute(66): integer modulus may be much slower, try using uints if possible.
 ok=1 outsize=1384

Cmd: compileComputeKernel
  insize=2204 file=Assets/Scripts/ComputeShader.compute kernel=CSMain ppOnly=0 stripLineD=0 buildPlatform=19 km=<UNITY_VERSION=202233> pKW=UNITY_ENABLE_REFLECTION_BUFFERS UNITY_USE_DITHER_MASK_FOR_ALPHABLENDED_SHADOWS UNITY_PBS_USE_BRDF1 UNITY_SPECCUBE_BOX_PROJECTION UNITY_SPECCUBE_BLENDING UNITY_ENABLE_DETAIL_NORMALMAP SHADER_API_DESKTOP UNITY_LIGHT_PROBE_PROXY_VOLUME UNITY_LIGHTMAP_FULL_HDR uKW=SHADER_STAGE_COMPUTE platform=d3d11 flags=0 reqs=16385 forceDXC=0 forceFXC=0  error: 1 plat 4 at ComputeShader.compute(59): integer divides may be much slower, try using uints if possible.
  error: 1 plat 4 at ComputeShader.compute(60): integer divides may be much slower, try using uints if possible.
  error: 1 plat 4 at ComputeShader.compute(61): integer modulus may be much slower, try using uints if possible.
  error: 1 plat 4 at ComputeShader.compute(65): integer divides may be much slower, try using uints if possible.
  error: 1 plat 4 at ComputeShader.compute(66): integer divides may be much slower, try using uints if possible.
  error: 1 plat 4 at ComputeShader.compute(67): integer modulus may be much slower, try using uints if possible.
 ok=1 outsize=1444

Cmd: compileComputeKernel
  insize=2202 file=Assets/Scripts/ComputeShader.compute kernel=CSMain ppOnly=0 stripLineD=0 buildPlatform=19 km=<UNITY_VERSION=202233> pKW=UNITY_ENABLE_REFLECTION_BUFFERS UNITY_USE_DITHER_MASK_FOR_ALPHABLENDED_SHADOWS UNITY_PBS_USE_BRDF1 UNITY_SPECCUBE_BOX_PROJECTION UNITY_SPECCUBE_BLENDING UNITY_ENABLE_DETAIL_NORMALMAP SHADER_API_DESKTOP UNITY_LIGHT_PROBE_PROXY_VOLUME UNITY_LIGHTMAP_FULL_HDR uKW=SHADER_STAGE_COMPUTE platform=d3d11 flags=0 reqs=16385 forceDXC=0 forceFXC=0  error: 1 plat 4 at ComputeShader.compute(59): integer divides may be much slower, try using uints if possible.
  error: 1 plat 4 at ComputeShader.compute(60): integer divides may be much slower, try using uints if possible.
  error: 1 plat 4 at ComputeShader.compute(61): integer modulus may be much slower, try using uints if possible.
  error: 1 plat 4 at ComputeShader.compute(65): integer divides may be much slower, try using uints if possible.
  error: 1 plat 4 at ComputeShader.compute(66): integer divides may be much slower, try using uints if possible.
  error: 1 plat 4 at ComputeShader.compute(67): integer modulus may be much slower, try using uints if possible.
 ok=1 outsize=1444

Cmd: compileComputeKernel
  insize=2203 file=Assets/Scripts/ComputeShader.compute kernel=CSMain ppOnly=0 stripLineD=0 buildPlatform=19 km=<UNITY_VERSION=202233> pKW=UNITY_ENABLE_REFLECTION_BUFFERS UNITY_USE_DITHER_MASK_FOR_ALPHABLENDED_SHADOWS UNITY_PBS_USE_BRDF1 UNITY_SPECCUBE_BOX_PROJECTION UNITY_SPECCUBE_BLENDING UNITY_ENABLE_DETAIL_NORMALMAP SHADER_API_DESKTOP UNITY_LIGHT_PROBE_PROXY_VOLUME UNITY_LIGHTMAP_FULL_HDR uKW=SHADER_STAGE_COMPUTE platform=d3d11 flags=0 reqs=16385 forceDXC=0 forceFXC=0  error: 1 plat 4 at ComputeShader.compute(59): integer divides may be much slower, try using uints if possible.
  error: 1 plat 4 at ComputeShader.compute(60): integer divides may be much slower, try using uints if possible.
  error: 1 plat 4 at ComputeShader.compute(61): integer modulus may be much slower, try using uints if possible.
  error: 1 plat 4 at ComputeShader.compute(65): integer divides may be much slower, try using uints if possible.
  error: 1 plat 4 at ComputeShader.compute(66): integer divides may be much slower, try using uints if possible.
  error: 1 plat 4 at ComputeShader.compute(67): integer modulus may be much slower, try using uints if possible.
 ok=1 outsize=1444

Cmd: compileComputeKernel
  insize=2206 file=Assets/Scripts/ComputeShader.compute kernel=CSMain ppOnly=0 stripLineD=0 buildPlatform=19 km=<UNITY_VERSION=202233> pKW=UNITY_ENABLE_REFLECTION_BUFFERS UNITY_USE_DITHER_MASK_FOR_ALPHABLENDED_SHADOWS UNITY_PBS_USE_BRDF1 UNITY_SPECCUBE_BOX_PROJECTION UNITY_SPECCUBE_BLENDING UNITY_ENABLE_DETAIL_NORMALMAP SHADER_API_DESKTOP UNITY_LIGHT_PROBE_PROXY_VOLUME UNITY_LIGHTMAP_FULL_HDR uKW=SHADER_STAGE_COMPUTE platform=d3d11 flags=0 reqs=16385 forceDXC=0 forceFXC=0  error: 1 plat 4 at ComputeShader.compute(59): integer divides may be much slower, try using uints if possible.
  error: 1 plat 4 at ComputeShader.compute(60): integer divides may be much slower, try using uints if possible.
  error: 1 plat 4 at ComputeShader.compute(61): integer modulus may be much slower, try using uints if possible.
  error: 1 plat 4 at ComputeShader.compute(65): integer divides may be much slower, try using uints if possible.
  error: 1 plat 4 at ComputeShader.compute(66): integer divides may be much slower, try using uints if possible.
  error: 1 plat 4 at ComputeShader.compute(67): integer modulus may be much slower, try using uints if possible.
 ok=1 outsize=1480

Cmd: compileComputeKernel
  insize=2204 file=Assets/Scripts/ComputeShader.compute kernel=CSMain ppOnly=0 stripLineD=0 buildPlatform=19 km=<UNITY_VERSION=202233> pKW=UNITY_ENABLE_REFLECTION_BUFFERS UNITY_USE_DITHER_MASK_FOR_ALPHABLENDED_SHADOWS UNITY_PBS_USE_BRDF1 UNITY_SPECCUBE_BOX_PROJECTION UNITY_SPECCUBE_BLENDING UNITY_ENABLE_DETAIL_NORMALMAP SHADER_API_DESKTOP UNITY_LIGHT_PROBE_PROXY_VOLUME UNITY_LIGHTMAP_FULL_HDR uKW=SHADER_STAGE_COMPUTE platform=d3d11 flags=0 reqs=16385 forceDXC=0 forceFXC=0  error: 1 plat 4 at ComputeShader.compute(59): integer divides may be much slower, try using uints if possible.
  error: 1 plat 4 at ComputeShader.compute(60): integer divides may be much slower, try using uints if possible.
  error: 1 plat 4 at ComputeShader.compute(61): integer modulus may be much slower, try using uints if possible.
  error: 1 plat 4 at ComputeShader.compute(65): integer divides may be much slower, try using uints if possible.
  error: 1 plat 4 at ComputeShader.compute(66): integer divides may be much slower, try using uints if possible.
  error: 1 plat 4 at ComputeShader.compute(67): integer modulus may be much slower, try using uints if possible.
 ok=1 outsize=1444

Cmd: compileComputeKernel
  insize=2205 file=Assets/Scripts/ComputeShader.compute kernel=CSMain ppOnly=0 stripLineD=0 buildPlatform=19 km=<UNITY_VERSION=202233> pKW=UNITY_ENABLE_REFLECTION_BUFFERS UNITY_USE_DITHER_MASK_FOR_ALPHABLENDED_SHADOWS UNITY_PBS_USE_BRDF1 UNITY_SPECCUBE_BOX_PROJECTION UNITY_SPECCUBE_BLENDING UNITY_ENABLE_DETAIL_NORMALMAP SHADER_API_DESKTOP UNITY_LIGHT_PROBE_PROXY_VOLUME UNITY_LIGHTMAP_FULL_HDR uKW=SHADER_STAGE_COMPUTE platform=d3d11 flags=0 reqs=16385 forceDXC=0 forceFXC=0  error: 1 plat 4 at ComputeShader.compute(59): integer divides may be much slower, try using uints if possible.
  error: 1 plat 4 at ComputeShader.compute(60): integer divides may be much slower, try using uints if possible.
  error: 1 plat 4 at ComputeShader.compute(61): integer modulus may be much slower, try using uints if possible.
  error: 1 plat 4 at ComputeShader.compute(65): integer divides may be much slower, try using uints if possible.
  error: 1 plat 4 at ComputeShader.compute(66): integer divides may be much slower, try using uints if possible.
  error: 1 plat 4 at ComputeShader.compute(67): integer modulus may be much slower, try using uints if possible.
 ok=1 outsize=1444

Cmd: compileComputeKernel
  insize=2275 file=Assets/Scripts/ComputeShader.compute kernel=CSMain ppOnly=0 stripLineD=0 buildPlatform=19 km=<UNITY_VERSION=202233> pKW=UNITY_ENABLE_REFLECTION_BUFFERS UNITY_USE_DITHER_MASK_FOR_ALPHABLENDED_SHADOWS UNITY_PBS_USE_BRDF1 UNITY_SPECCUBE_BOX_PROJECTION UNITY_SPECCUBE_BLENDING UNITY_ENABLE_DETAIL_NORMALMAP SHADER_API_DESKTOP UNITY_LIGHT_PROBE_PROXY_VOLUME UNITY_LIGHTMAP_FULL_HDR uKW=SHADER_STAGE_COMPUTE platform=d3d11 flags=0 reqs=16385 forceDXC=0 forceFXC=0  error: 2 plat 4 at ComputeShader.compute(33): undeclared identifier 'ma'
 ok=0 outsize=0

Cmd: compileComputeKernel
  insize=2272 file=Assets/Scripts/ComputeShader.compute kernel=CSMain ppOnly=0 stripLineD=0 buildPlatform=19 km=<UNITY_VERSION=202233> pKW=UNITY_ENABLE_REFLECTION_BUFFERS UNITY_USE_DITHER_MASK_FOR_ALPHABLENDED_SHADOWS UNITY_PBS_USE_BRDF1 UNITY_SPECCUBE_BOX_PROJECTION UNITY_SPECCUBE_BLENDING UNITY_ENABLE_DETAIL_NORMALMAP SHADER_API_DESKTOP UNITY_LIGHT_PROBE_PROXY_VOLUME UNITY_LIGHTMAP_FULL_HDR uKW=SHADER_STAGE_COMPUTE platform=d3d11 flags=0 reqs=16385 forceDXC=0 forceFXC=0  error: 1 plat 4 at ComputeShader.compute(63): integer divides may be much slower, try using uints if possible.
  error: 1 plat 4 at ComputeShader.compute(64): integer divides may be much slower, try using uints if possible.
  error: 1 plat 4 at ComputeShader.compute(65): integer modulus may be much slower, try using uints if possible.
  error: 1 plat 4 at ComputeShader.compute(69): integer divides may be much slower, try using uints if possible.
  error: 1 plat 4 at ComputeShader.compute(70): integer divides may be much slower, try using uints if possible.
  error: 1 plat 4 at ComputeShader.compute(71): integer modulus may be much slower, try using uints if possible.
 ok=1 outsize=1444

Cmd: compileComputeKernel
  insize=2273 file=Assets/Scripts/ComputeShader.compute kernel=CSMain ppOnly=0 stripLineD=0 buildPlatform=19 km=<UNITY_VERSION=202233> pKW=UNITY_ENABLE_REFLECTION_BUFFERS UNITY_USE_DITHER_MASK_FOR_ALPHABLENDED_SHADOWS UNITY_PBS_USE_BRDF1 UNITY_SPECCUBE_BOX_PROJECTION UNITY_SPECCUBE_BLENDING UNITY_ENABLE_DETAIL_NORMALMAP SHADER_API_DESKTOP UNITY_LIGHT_PROBE_PROXY_VOLUME UNITY_LIGHTMAP_FULL_HDR uKW=SHADER_STAGE_COMPUTE platform=d3d11 flags=0 reqs=16385 forceDXC=0 forceFXC=0  error: 1 plat 4 at ComputeShader.compute(63): integer divides may be much slower, try using uints if possible.
  error: 1 plat 4 at ComputeShader.compute(64): integer divides may be much slower, try using uints if possible.
  error: 1 plat 4 at ComputeShader.compute(65): integer modulus may be much slower, try using uints if possible.
  error: 1 plat 4 at ComputeShader.compute(69): integer divides may be much slower, try using uints if possible.
  error: 1 plat 4 at ComputeShader.compute(70): integer divides may be much slower, try using uints if possible.
  error: 1 plat 4 at ComputeShader.compute(71): integer modulus may be much slower, try using uints if possible.
 ok=1 outsize=1444

Cmd: compileComputeKernel
  insize=2291 file=Assets/Scripts/ComputeShader.compute kernel=CSMain ppOnly=0 stripLineD=0 buildPlatform=19 km=<UNITY_VERSION=202233> pKW=UNITY_ENABLE_REFLECTION_BUFFERS UNITY_USE_DITHER_MASK_FOR_ALPHABLENDED_SHADOWS UNITY_PBS_USE_BRDF1 UNITY_SPECCUBE_BOX_PROJECTION UNITY_SPECCUBE_BLENDING UNITY_ENABLE_DETAIL_NORMALMAP SHADER_API_DESKTOP UNITY_LIGHT_PROBE_PROXY_VOLUME UNITY_LIGHTMAP_FULL_HDR uKW=SHADER_STAGE_COMPUTE platform=d3d11 flags=0 reqs=16385 forceDXC=0 forceFXC=0  error: 1 plat 4 at ComputeShader.compute(52): integer divides may be much slower, try using uints if possible.
  error: 1 plat 4 at ComputeShader.compute(65): integer divides may be much slower, try using uints if possible.
  error: 1 plat 4 at ComputeShader.compute(66): integer divides may be much slower, try using uints if possible.
  error: 1 plat 4 at ComputeShader.compute(67): integer modulus may be much slower, try using uints if possible.
  error: 1 plat 4 at ComputeShader.compute(71): integer divides may be much slower, try using uints if possible.
  error: 1 plat 4 at ComputeShader.compute(72): integer divides may be much slower, try using uints if possible.
  error: 1 plat 4 at ComputeShader.compute(73): integer modulus may be much slower, try using uints if possible.
 ok=1 outsize=1444

Cmd: compileComputeKernel
  insize=2388 file=Assets/Scripts/ComputeShader.compute kernel=CSMain ppOnly=0 stripLineD=0 buildPlatform=19 km=<UNITY_VERSION=202233> pKW=UNITY_ENABLE_REFLECTION_BUFFERS UNITY_USE_DITHER_MASK_FOR_ALPHABLENDED_SHADOWS UNITY_PBS_USE_BRDF1 UNITY_SPECCUBE_BOX_PROJECTION UNITY_SPECCUBE_BLENDING UNITY_ENABLE_DETAIL_NORMALMAP SHADER_API_DESKTOP UNITY_LIGHT_PROBE_PROXY_VOLUME UNITY_LIGHTMAP_FULL_HDR uKW=SHADER_STAGE_COMPUTE platform=d3d11 flags=0 reqs=16385 forceDXC=0 forceFXC=0  error: 1 plat 4 at ComputeShader.compute(51): integer divides may be much slower, try using uints if possible.
  error: 1 plat 4 at ComputeShader.compute(64): integer divides may be much slower, try using uints if possible.
  error: 1 plat 4 at ComputeShader.compute(65): integer divides may be much slower, try using uints if possible.
  error: 1 plat 4 at ComputeShader.compute(66): integer modulus may be much slower, try using uints if possible.
  error: 1 plat 4 at ComputeShader.compute(70): integer divides may be much slower, try using uints if possible.
  error: 1 plat 4 at ComputeShader.compute(71): integer divides may be much slower, try using uints if possible.
  error: 1 plat 4 at ComputeShader.compute(72): integer modulus may be much slower, try using uints if possible.
 ok=1 outsize=1444

Cmd: compileComputeKernel
  insize=2393 file=Assets/Scripts/ComputeShader.compute kernel=CSMain ppOnly=0 stripLineD=0 buildPlatform=19 km=<UNITY_VERSION=202233> pKW=UNITY_ENABLE_REFLECTION_BUFFERS UNITY_USE_DITHER_MASK_FOR_ALPHABLENDED_SHADOWS UNITY_PBS_USE_BRDF1 UNITY_SPECCUBE_BOX_PROJECTION UNITY_SPECCUBE_BLENDING UNITY_ENABLE_DETAIL_NORMALMAP SHADER_API_DESKTOP UNITY_LIGHT_PROBE_PROXY_VOLUME UNITY_LIGHTMAP_FULL_HDR uKW=SHADER_STAGE_COMPUTE platform=d3d11 flags=0 reqs=16385 forceDXC=0 forceFXC=0  error: 1 plat 4 at ComputeShader.compute(52): integer divides may be much slower, try using uints if possible.
  error: 1 plat 4 at ComputeShader.compute(65): integer divides may be much slower, try using uints if possible.
  error: 1 plat 4 at ComputeShader.compute(66): integer divides may be much slower, try using uints if possible.
  error: 1 plat 4 at ComputeShader.compute(67): integer modulus may be much slower, try using uints if possible.
  error: 1 plat 4 at ComputeShader.compute(71): integer divides may be much slower, try using uints if possible.
  error: 1 plat 4 at ComputeShader.compute(72): integer divides may be much slower, try using uints if possible.
  error: 1 plat 4 at ComputeShader.compute(73): integer modulus may be much slower, try using uints if possible.
 ok=1 outsize=1444

Cmd: compileComputeKernel
  insize=2306 file=Assets/Scripts/ComputeShader.compute kernel=CSMain ppOnly=0 stripLineD=0 buildPlatform=19 km=<UNITY_VERSION=202233> pKW=UNITY_ENABLE_REFLECTION_BUFFERS UNITY_USE_DITHER_MASK_FOR_ALPHABLENDED_SHADOWS UNITY_PBS_USE_BRDF1 UNITY_SPECCUBE_BOX_PROJECTION UNITY_SPECCUBE_BLENDING UNITY_ENABLE_DETAIL_NORMALMAP SHADER_API_DESKTOP UNITY_LIGHT_PROBE_PROXY_VOLUME UNITY_LIGHTMAP_FULL_HDR uKW=SHADER_STAGE_COMPUTE platform=d3d11 flags=0 reqs=16385 forceDXC=0 forceFXC=0  error: 1 plat 4 at ComputeShader.compute(49): integer divides may be much slower, try using uints if possible.
  error: 1 plat 4 at ComputeShader.compute(62): integer divides may be much slower, try using uints if possible.
  error: 1 plat 4 at ComputeShader.compute(63): integer divides may be much slower, try using uints if possible.
  error: 1 plat 4 at ComputeShader.compute(64): integer modulus may be much slower, try using uints if possible.
  error: 1 plat 4 at ComputeShader.compute(68): integer divides may be much slower, try using uints if possible.
  error: 1 plat 4 at ComputeShader.compute(69): integer divides may be much slower, try using uints if possible.
  error: 1 plat 4 at ComputeShader.compute(70): integer modulus may be much slower, try using uints if possible.
 ok=1 outsize=1446

Cmd: compileComputeKernel
  insize=2304 file=Assets/Scripts/ComputeShader.compute kernel=CSMain ppOnly=0 stripLineD=0 buildPlatform=19 km=<UNITY_VERSION=202233> pKW=UNITY_ENABLE_REFLECTION_BUFFERS UNITY_USE_DITHER_MASK_FOR_ALPHABLENDED_SHADOWS UNITY_PBS_USE_BRDF1 UNITY_SPECCUBE_BOX_PROJECTION UNITY_SPECCUBE_BLENDING UNITY_ENABLE_DETAIL_NORMALMAP SHADER_API_DESKTOP UNITY_LIGHT_PROBE_PROXY_VOLUME UNITY_LIGHTMAP_FULL_HDR uKW=SHADER_STAGE_COMPUTE platform=d3d11 flags=0 reqs=16385 forceDXC=0 forceFXC=0  error: 1 plat 4 at ComputeShader.compute(49): integer divides may be much slower, try using uints if possible.
  error: 1 plat 4 at ComputeShader.compute(62): integer divides may be much slower, try using uints if possible.
  error: 1 plat 4 at ComputeShader.compute(63): integer divides may be much slower, try using uints if possible.
  error: 1 plat 4 at ComputeShader.compute(64): integer modulus may be much slower, try using uints if possible.
  error: 1 plat 4 at ComputeShader.compute(68): integer divides may be much slower, try using uints if possible.
  error: 1 plat 4 at ComputeShader.compute(69): integer divides may be much slower, try using uints if possible.
  error: 1 plat 4 at ComputeShader.compute(70): integer modulus may be much slower, try using uints if possible.
 ok=1 outsize=1446

